1477399425382	geckodriver	INFO	Listening on 127.0.0.1:64511
1477399427353	mozprofile::profile	INFO	Using profile path C:\Users\hao\AppData\Local\Temp\rust_mozprofile.SZqIxjvtaU55
1477399427358	geckodriver::marionette	INFO	Starting browser C:\Program Files (x86)\Mozilla Firefox\firefox.exe
1477399427844	geckodriver::marionette	INFO	Connecting to Marionette on localhost:64519
1477399430323	Marionette	INFO	Listening on port 64519
1477399433865	Marionette	INFO	startBrowser ac9cc800-535b-42dc-985c-5e72d4bc3b80
1477399821017	addons.productaddons	WARN	Failed downloading via XHR, status: 0, reason: error
1477408550633	geckodriver	INFO	Listening on 127.0.0.1:65346
1477408552611	mozprofile::profile	INFO	Using profile path C:\Users\hao\AppData\Local\Temp\rust_mozprofile.7hXA4f0abrOX
1477408552626	geckodriver::marionette	INFO	Starting browser C:\Program Files (x86)\Mozilla Firefox\firefox.exe
1477408553409	geckodriver::marionette	INFO	Connecting to Marionette on localhost:65353
1477408555656	Marionette	INFO	Listening on port 65353
1477408559296	Marionette	INFO	startBrowser b80c2d6e-0d00-4f7e-b74a-c922563f9f8e
[Child 12388] ###!!! ABORT: Aborting on channel error.: file c:/builds/moz2_slave/m-rel-w32-00000000000000000000/build/src/ipc/glue/MessageChannel.cpp, line 2052
1477409293284	geckodriver	INFO	Listening on 127.0.0.1:65493
1477409295299	mozprofile::profile	INFO	Using profile path C:\Users\hao\AppData\Local\Temp\rust_mozprofile.c2uMzTLChGbW
1477409295305	geckodriver::marionette	INFO	Starting browser C:\Program Files (x86)\Mozilla Firefox\firefox.exe
1477409295392	geckodriver::marionette	INFO	Connecting to Marionette on localhost:65500
1477409297633	Marionette	INFO	Listening on port 65500
1477409301542	Marionette	INFO	startBrowser dfb75038-8ccc-447f-8575-568c3bfa8c6d
[Child 12944] ###!!! ABORT: Aborting on channel error.: file c:/builds/moz2_slave/m-rel-w32-00000000000000000000/build/src/ipc/glue/MessageChannel.cpp, line 2052
1477409370921	geckodriver	INFO	Listening on 127.0.0.1:65524
1477409372917	mozprofile::profile	INFO	Using profile path C:\Users\hao\AppData\Local\Temp\rust_mozprofile.ysQG0trj8rEX
1477409372925	geckodriver::marionette	INFO	Starting browser C:\Program Files (x86)\Mozilla Firefox\firefox.exe
1477409373052	geckodriver::marionette	INFO	Connecting to Marionette on localhost:65530
1477409375461	Marionette	INFO	Listening on port 65530
1477409379007	Marionette	INFO	startBrowser 2728f635-4a44-41a7-a22d-c61201b96015
[Child 8488] ###!!! ABORT: Aborting on channel error.: file c:/builds/moz2_slave/m-rel-w32-00000000000000000000/build/src/ipc/glue/MessageChannel.cpp, line 2052
1477409434236	geckodriver	INFO	Listening on 127.0.0.1:49171
1477409436237	mozprofile::profile	INFO	Using profile path C:\Users\hao\AppData\Local\Temp\rust_mozprofile.1qQW9g2YKJbK
1477409436243	geckodriver::marionette	INFO	Starting browser C:\Program Files (x86)\Mozilla Firefox\firefox.exe
1477409436368	geckodriver::marionette	INFO	Connecting to Marionette on localhost:49177
1477409438863	Marionette	INFO	Listening on port 49177
1477409442652	Marionette	INFO	startBrowser ec683434-2636-498e-95ab-4bfac8444613
[Child 12888] ###!!! ABORT: Aborting on channel error.: file c:/builds/moz2_slave/m-rel-w32-00000000000000000000/build/src/ipc/glue/MessageChannel.cpp, line 2052
1477445886115	geckodriver	INFO	Listening on 127.0.0.1:49639
1477445888131	mozprofile::profile	INFO	Using profile path C:\Users\hao\AppData\Local\Temp\rust_mozprofile.95LTBuu8Szej
1477445888131	geckodriver::marionette	INFO	Starting browser C:\Program Files (x86)\Mozilla Firefox\firefox.exe
1477445888302	geckodriver::marionette	INFO	Connecting to Marionette on localhost:49646
1477445890964	Marionette	INFO	Listening on port 49646
1477445894523	Marionette	INFO	startBrowser bf870fd6-5547-492a-9daa-0f2868b880a6
1477446951107	geckodriver	INFO	Listening on 127.0.0.1:49769
1477446953122	mozprofile::profile	INFO	Using profile path C:\Users\hao\AppData\Local\Temp\rust_mozprofile.2tXWBBOrkAZB
1477446953169	geckodriver::marionette	INFO	Starting browser C:\Program Files (x86)\Mozilla Firefox\firefox.exe
1477446953279	geckodriver::marionette	INFO	Connecting to Marionette on localhost:49776
1477446955266	Marionette	INFO	Listening on port 49776
1477446958384	Marionette	INFO	startBrowser e4f57c45-a250-46f4-ae8b-aa04b3704145
1477447018418	addons.productaddons	WARN	Failed downloading XML, status: 0, reason: error
1477447319366	geckodriver	INFO	Listening on 127.0.0.1:49797
1477447321366	mozprofile::profile	INFO	Using profile path C:\Users\hao\AppData\Local\Temp\rust_mozprofile.IlAeK5FYGEHz
1477447321366	geckodriver::marionette	INFO	Starting browser C:\Program Files (x86)\Mozilla Firefox\firefox.exe
1477447321538	geckodriver::marionette	INFO	Connecting to Marionette on localhost:49804
1477447323422	Marionette	INFO	Listening on port 49804
1477447326713	Marionette	INFO	startBrowser 0a45f7af-36c7-49fe-a3c9-0dbc07e656ca
1477447627784	geckodriver	INFO	Listening on 127.0.0.1:49825
1477447629800	mozprofile::profile	INFO	Using profile path C:\Users\hao\AppData\Local\Temp\rust_mozprofile.jTYmt4MvCssI
1477447629816	geckodriver::marionette	INFO	Starting browser C:\Program Files (x86)\Mozilla Firefox\firefox.exe
1477447629972	geckodriver::marionette	INFO	Connecting to Marionette on localhost:49832
1477447631861	Marionette	INFO	Listening on port 49832
1477447635129	Marionette	INFO	startBrowser cdc47356-41e4-44cd-a082-69dc03d2d79e
1477447695160	addons.productaddons	WARN	Failed downloading XML, status: 0, reason: error
1477447752664	geckodriver	INFO	Listening on 127.0.0.1:49854
1477447754679	mozprofile::profile	INFO	Using profile path C:\Users\hao\AppData\Local\Temp\rust_mozprofile.NkORnXjxEWjC
1477447754695	geckodriver::marionette	INFO	Starting browser C:\Program Files (x86)\Mozilla Firefox\firefox.exe
1477447754789	geckodriver::marionette	INFO	Connecting to Marionette on localhost:49861
1477447756667	Marionette	INFO	Listening on port 49861
1477447759955	Marionette	INFO	startBrowser 71f09e3f-49ae-4914-9d77-f1cc45dc5ede
1477447836823	geckodriver	INFO	Listening on 127.0.0.1:49882
1477447838823	mozprofile::profile	INFO	Using profile path C:\Users\hao\AppData\Local\Temp\rust_mozprofile.tcVW9PzypVLb
1477447838839	geckodriver::marionette	INFO	Starting browser C:\Program Files (x86)\Mozilla Firefox\firefox.exe
1477447838948	geckodriver::marionette	INFO	Connecting to Marionette on localhost:49889
1477447840765	Marionette	INFO	Listening on port 49889
1477447844022	Marionette	INFO	startBrowser 3941a499-9968-4298-b941-b5de58a15422
1477447904057	addons.productaddons	WARN	Failed downloading XML, status: 0, reason: error
1477448220094	geckodriver	INFO	Listening on 127.0.0.1:49910
1477448222094	mozprofile::profile	INFO	Using profile path C:\Users\hao\AppData\Local\Temp\rust_mozprofile.fpZmt2MvqQbx
1477448222094	geckodriver::marionette	INFO	Starting browser C:\Program Files (x86)\Mozilla Firefox\firefox.exe
1477448222281	geckodriver::marionette	INFO	Connecting to Marionette on localhost:49917
1477448224085	Marionette	INFO	Listening on port 49917
1477448227175	Marionette	INFO	startBrowser d39e0d9e-b311-4aa1-a007-61a34569f200
JavaScript error: chrome://marionette/content/listener.js, line 897: TypeError: can't access dead object
[GFX1-]: Receive IPC close with reason=AbnormalShutdown
1477448331210	geckodriver	INFO	Listening on 127.0.0.1:49935
1477448333210	mozprofile::profile	INFO	Using profile path C:\Users\hao\AppData\Local\Temp\rust_mozprofile.lHYtmAAZoPZY
1477448333226	geckodriver::marionette	INFO	Starting browser C:\Program Files (x86)\Mozilla Firefox\firefox.exe
1477448333351	geckodriver::marionette	INFO	Connecting to Marionette on localhost:49942
1477448335171	Marionette	INFO	Listening on port 49942
1477448338153	Marionette	INFO	startBrowser 6834fddc-1b9c-4589-ba73-8807e583d6e3
JavaScript error: chrome://marionette/content/listener.js, line 897: TypeError: can't access dead object
